<?xml version="1.0" encoding="utf-8"?><testsuites name="pytest tests"><testsuite name="pytest" errors="0" failures="0" skipped="0" tests="10" time="4.151" timestamp="2026-07-17T16:10:53.487715+00:00" hostname="agent-env-1cf74b83-dc35-4d8b-bc1f-4970f06f8919"><testcase classname="backend.tests.test_close_and_reset.TestPartialSettingsUpdate" name="test_partial_update_preserves_other_fields" time="0.727" /><testcase classname="backend.tests.test_close_and_reset.TestPartialSettingsUpdate" name="test_partial_update_only_fcrate" time="0.190" /><testcase classname="backend.tests.test_close_and_reset.TestDashboardMathWithCommission" name="test_dashboard_all_fields_present" time="0.701" /><testcase classname="backend.tests.test_close_and_reset.TestDashboardMathWithCommission" name="test_dashboard_numeric_math" time="0.118" /><testcase classname="backend.tests.test_close_and_reset.TestDashboardMathWithCommission" name="test_pnl_report_includes_commission" time="0.107" /><testcase classname="backend.tests.test_close_and_reset.TestDashboardMathWithCommission" name="test_suppliers_count_regression" time="0.092" /><testcase classname="backend.tests.test_close_and_reset.TestClosePeriod" name="test_close_period_creates_snapshot" time="1.022" /><testcase classname="backend.tests.test_close_and_reset.TestClosePeriod" name="test_dashboard_after_close_new_period" time="0.078" /><testcase classname="backend.tests.test_close_and_reset.TestResetEndpoint" name="test_reset_requires_confirm" time="0.103" /><testcase classname="backend.tests.test_close_and_reset.TestResetEndpoint" name="test_reset_preserves_google_key_and_fcrate" time="0.976" /></testsuite></testsuites>