<?xml version="1.0" encoding="utf-8"?><testsuites name="pytest tests"><testsuite name="pytest" errors="0" failures="2" skipped="0" tests="12" time="2.161" timestamp="2026-07-17T12:42:33.844477+00:00" hostname="agent-env-1cf74b83-dc35-4d8b-bc1f-4970f06f8919"><testcase classname="backend.tests.test_ledgr_edit_and_reconcile.TestPutSupplier" name="test_update_supplier_fields" time="0.394" /><testcase classname="backend.tests.test_ledgr_edit_and_reconcile.TestPutSupplier" name="test_update_supplier_404" time="0.036" /><testcase classname="backend.tests.test_ledgr_edit_and_reconcile.TestPutBill" name="test_update_bill_and_dashboard_totals" time="0.359" /><testcase classname="backend.tests.test_ledgr_edit_and_reconcile.TestPutBill" name="test_update_bill_404" time="0.079" /><testcase classname="backend.tests.test_ledgr_edit_and_reconcile.TestPutSale" name="test_update_sale" time="0.159" /><testcase classname="backend.tests.test_ledgr_edit_and_reconcile.TestPutSale" name="test_update_sale_404" time="0.037" /><testcase classname="backend.tests.test_ledgr_edit_and_reconcile.TestPutPayment" name="test_update_payment" time="0.148"><failure message="AssertionError: {&quot;detail&quot;:&quot;Method Not Allowed&quot;}&#10;assert 405 == 200&#10; +  where 405 = &lt;Response [405]&gt;.status_code">backend/tests/test_ledgr_edit_and_reconcile.py:172: in test_update_payment
    assert upd.status_code == 200, upd.text
E   AssertionError: {"detail":"Method Not Allowed"}
E   assert 405 == 200
E    +  where 405 = &lt;Response [405]&gt;.status_code</failure></testcase><testcase classname="backend.tests.test_ledgr_edit_and_reconcile.TestPutPayment" name="test_update_payment_404" time="0.037"><failure message="assert 405 == 404&#10; +  where 405 = &lt;Response [405]&gt;.status_code">backend/tests/test_ledgr_edit_and_reconcile.py:190: in test_update_payment_404
    assert r.status_code == 404
E   assert 405 == 404
E    +  where 405 = &lt;Response [405]&gt;.status_code</failure></testcase><testcase classname="backend.tests.test_ledgr_edit_and_reconcile.TestReconcileStatement" name="test_missing_key_returns_401" time="0.169" /><testcase classname="backend.tests.test_ledgr_edit_and_reconcile.TestReconcileStatement" name="test_bogus_key_reaches_google" time="0.306" /><testcase classname="backend.tests.test_ledgr_edit_and_reconcile.TestReconcileStatement" name="test_missing_imagebase64_returns_422" time="0.037" /><testcase classname="backend.tests.test_ledgr_edit_and_reconcile.TestReconcileStatement" name="test_schema_accepts_supplier_id" time="0.340" /></testsuite></testsuites>