<?xml version="1.0" encoding="utf-8"?><testsuites name="pytest tests"><testsuite name="pytest" errors="0" failures="0" skipped="0" tests="60" time="7.878" timestamp="2026-07-17T12:57:24.329453+00:00" hostname="agent-env-1cf74b83-dc35-4d8b-bc1f-4970f06f8919"><testcase classname="backend.tests.test_gemini_model_fix" name="test_gemini_model_constant_is_3_5_flash" time="0.001" /><testcase classname="backend.tests.test_gemini_model_fix.TestInvalidKeyReturnsAuthError" name="test_test_key_endpoint" time="0.439" /><testcase classname="backend.tests.test_gemini_model_fix.TestInvalidKeyReturnsAuthError" name="test_parse_command_endpoint" time="0.305" /><testcase classname="backend.tests.test_gemini_model_fix.TestInvalidKeyReturnsAuthError" name="test_ocr_receipt_endpoint" time="0.229" /><testcase classname="backend.tests.test_gemini_model_fix.TestInvalidKeyReturnsAuthError" name="test_transcribe_endpoint" time="0.190" /><testcase classname="backend.tests.test_gemini_model_fix.TestMissingKeyReturns401" name="test_test_key_missing" time="0.044" /><testcase classname="backend.tests.test_gemini_model_fix.TestMissingKeyReturns401" name="test_parse_command_missing" time="0.050" /><testcase classname="backend.tests.test_gemini_model_fix.TestMissingKeyReturns401" name="test_ocr_receipt_missing" time="0.081" /><testcase classname="backend.tests.test_gemini_model_fix.TestMissingKeyReturns401" name="test_transcribe_missing" time="0.075" /><testcase classname="backend.tests.test_ledgr_edit_and_reconcile.TestPutSupplier" name="test_update_supplier_fields" time="0.313" /><testcase classname="backend.tests.test_ledgr_edit_and_reconcile.TestPutSupplier" name="test_update_supplier_404" time="0.038" /><testcase classname="backend.tests.test_ledgr_edit_and_reconcile.TestPutBill" name="test_update_bill_and_dashboard_totals" time="0.568" /><testcase classname="backend.tests.test_ledgr_edit_and_reconcile.TestPutBill" name="test_update_bill_404" time="0.082" /><testcase classname="backend.tests.test_ledgr_edit_and_reconcile.TestPutSale" name="test_update_sale" time="0.159" /><testcase classname="backend.tests.test_ledgr_edit_and_reconcile.TestPutSale" name="test_update_sale_404" time="0.034" /><testcase classname="backend.tests.test_ledgr_edit_and_reconcile.TestPutPayment" name="test_update_payment" time="0.277" /><testcase classname="backend.tests.test_ledgr_edit_and_reconcile.TestPutPayment" name="test_update_payment_404" time="0.039" /><testcase classname="backend.tests.test_ledgr_edit_and_reconcile.TestReconcileStatement" name="test_missing_key_returns_401" time="0.162" /><testcase classname="backend.tests.test_ledgr_edit_and_reconcile.TestReconcileStatement" name="test_bogus_key_reaches_google" time="0.258" /><testcase classname="backend.tests.test_ledgr_edit_and_reconcile.TestReconcileStatement" name="test_missing_imagebase64_returns_422" time="0.081" /><testcase classname="backend.tests.test_ledgr_edit_and_reconcile.TestReconcileStatement" name="test_schema_accepts_supplier_id" time="0.355" /><testcase classname="backend.tests.test_ledgr_new_features.TestDailySummary" name="test_daily_summary_with_seeded_data" time="0.482" /><testcase classname="backend.tests.test_ledgr_new_features.TestDailySummary" name="test_daily_summary_empty_day" time="0.081" /><testcase classname="backend.tests.test_ledgr_new_features.TestBackupExport" name="test_export_shape_and_no_id" time="0.041" /><testcase classname="backend.tests.test_ledgr_new_features.TestBackupImportReplace" name="test_replace_wipes_and_restores" time="0.392" /><testcase classname="backend.tests.test_ledgr_new_features.TestBackupImportReplace" name="test_replace_omitted_collections_are_untouched" time="0.199" /><testcase classname="backend.tests.test_ledgr_new_features.TestBackupImportMerge" name="test_merge_upserts_by_id" time="0.148" /><testcase classname="backend.tests.test_ledgr_new_features.TestBackupImportErrors" name="test_malformed_body_returns_4xx" time="0.078" /><testcase classname="backend.tests.test_ledgr_new_features.TestBackupImportErrors" name="test_invalid_mode_returns_4xx" time="0.076" /><testcase classname="backend.tests.test_ledgr_new_features.TestBackupImportErrors" name="test_non_json_body_returns_4xx" time="0.143" /><testcase classname="backend.tests.test_vocash_backend.TestHealth" name="test_root" time="0.040" /><testcase classname="backend.tests.test_vocash_backend.TestSettings" name="test_get_settings_returns_object" time="0.043" /><testcase classname="backend.tests.test_vocash_backend.TestSettings" name="test_put_and_get_settings" time="0.073" /><testcase classname="backend.tests.test_vocash_backend.TestSettings" name="test_test_key_401_when_no_key" time="0.082" /><testcase classname="backend.tests.test_vocash_backend.TestSettings" name="test_test_key_400_with_invalid_key" time="0.116" /><testcase classname="backend.tests.test_vocash_backend.TestSuppliers" name="test_create_supplier" time="0.038" /><testcase classname="backend.tests.test_vocash_backend.TestSuppliers" name="test_list_suppliers_has_balance_fields" time="0.080" /><testcase classname="backend.tests.test_vocash_backend.TestSuppliers" name="test_get_supplier_by_id" time="0.046" /><testcase classname="backend.tests.test_vocash_backend.TestSuppliers" name="test_get_nonexistent_supplier_404" time="0.049" /><testcase classname="backend.tests.test_vocash_backend.TestBills" name="test_create_bill_and_balance_updates" time="0.231" /><testcase classname="backend.tests.test_vocash_backend.TestBills" name="test_create_bill_cdf_converts" time="0.118" /><testcase classname="backend.tests.test_vocash_backend.TestSales" name="test_create_and_list_sale" time="0.083" /><testcase classname="backend.tests.test_vocash_backend.TestSales" name="test_delete_sale" time="0.101" /><testcase classname="backend.tests.test_vocash_backend.TestPayments" name="test_supplier_payment_reduces_balance" time="0.154" /><testcase classname="backend.tests.test_vocash_backend.TestPayments" name="test_drawing_payment_stores_partner" time="0.050" /><testcase classname="backend.tests.test_vocash_backend.TestPayments" name="test_list_payments" time="0.078" /><testcase classname="backend.tests.test_vocash_backend.TestPayments" name="test_delete_drawing" time="0.081" /><testcase classname="backend.tests.test_vocash_backend.TestInventory" name="test_expected_endpoint" time="0.040" /><testcase classname="backend.tests.test_vocash_backend.TestInventory" name="test_create_inventory_variance" time="0.077" /><testcase classname="backend.tests.test_vocash_backend.TestInventory" name="test_list_and_delete_inventory" time="0.116" /><testcase classname="backend.tests.test_vocash_backend.TestDashboard" name="test_dashboard_shape" time="0.040" /><testcase classname="backend.tests.test_vocash_backend.TestReports" name="test_pnl" time="0.083" /><testcase classname="backend.tests.test_vocash_backend.TestReports" name="test_balance_sheet" time="0.048" /><testcase classname="backend.tests.test_vocash_backend.TestReports" name="test_trial_balance" time="0.081" /><testcase classname="backend.tests.test_vocash_backend.TestAIWithoutKey" name="test_parse_command_401" time="0.075" /><testcase classname="backend.tests.test_vocash_backend.TestAIWithoutKey" name="test_ocr_receipt_401" time="0.119" /><testcase classname="backend.tests.test_vocash_backend.TestAIWithoutKey" name="test_transcribe_401" time="0.086" /><testcase classname="backend.tests.test_vocash_backend.TestZCleanup" name="test_delete_bill" time="0.069" /><testcase classname="backend.tests.test_vocash_backend.TestZCleanup" name="test_delete_supplier_payment" time="0.076" /><testcase classname="backend.tests.test_vocash_backend.TestZCleanup" name="test_delete_supplier" time="0.034" /></testsuite></testsuites>